Cylinder01 bound  Lo: -1, -0,98, -1,4  Hi: 0,99, 0,98, 1,4
matrix name: Cylinder01ParentTm  0,8, -0,51, -0,29, 0, 0,48, 0,85, -0,17, 0, 0,34, 0, 0,93, 0, -2,47, -0, 0,35, 1, 
matrix name: Cylinder01ResTm  0,8, -0,51, -0,29, 0, -0,34, -3,76, -0,93, 0, 0,48, 0,85, -0,17, 0, -1,98, 1,36, 1,67, 1, 
matrix name: Cylinder01OffsetTm  1, 5,7, -5,93, 0, 8,42, -3,88, -1, 0, -3,57, 1, -2,95, 0, -0, 0, 1,4, 1, 

Loft01 bound  Lo: -0,19, -1,65, -1,09  Hi: 0,03, -0,95, -0,92
matrix name: Loft01ParentTm  0,8, -0,51, -0,29, 0, 0,48, 0,85, -0,17, 0, 0,34, 0, 0,93, 0, -2,47, -0, 0,35, 1, 
matrix name: Loft01ResTm  -0,8, 0,51, 0,3, 0, -0,34, 0, -0,93, 0, -0,48, -0,85, 0,17, 0, -3,59, -1,34, -0,25, 1, 
matrix name: Loft01OffsetTm  -0,99, -0, 0, 0, -0, -3,66, -0,99, 0, 0, -0,99, 3,61, 0, -0,02, -1,59, -0,95, 1, 

Loft02 bound  Lo: -0,42, -1,6, -1,09  Hi: -0,09, -0,95, -0,92
matrix name: Loft02ParentTm  0,8, -0,51, -0,29, 0, 0,48, 0,85, -0,17, 0, 0,34, 0, 0,93, 0, -2,47, -0, 0,35, 1, 
matrix name: Loft02ResTm  -0,72, 0,62, 0,27, 0, -0,34, 0, -0,93, 0, -0,58, -0,77, 0,21, 0, -3,76, -1,21, -0,18, 1, 
matrix name: Loft02OffsetTm  -0,99, 0,13, 0, 0, -0, 0, -0,99, 0, -0,13, -0,99, 3,72, 0, -0,24, -1,57, -0,95, 1, 

Loft03 bound  Lo: -0,64, -1,53, -1,09  Hi: -0,23, -0,93, -0,92
matrix name: Loft03ParentTm  0,8, -0,51, -0,29, 0, 0,48, 0,85, -0,17, 0, 0,34, 0, 0,93, 0, -2,47, -0, 0,35, 1, 
matrix name: Loft03ResTm  -0,64, 0,72, 0,24, 0, -0,34, 0, -0,93, 0, -0,68, -0,68, 0,25, 0, -3,91, -1,06, -0,13, 1, 
matrix name: Loft03OffsetTm  -0,96, 0,26, 0, 0, -0, 0, -0,99, 0, -0,26, -0,96, 4,57, 0, -0,46, -1,52, -0,95, 1, 

Loft04 bound  Lo: -0,85, -1,42, -1,09  Hi: -0,35, -0,88, -0,92
matrix name: Loft04ParentTm  0,8, -0,51, -0,29, 0, 0,48, 0,85, -0,17, 0, 0,34, 0, 0,93, 0, -2,47, -0, 0,35, 1, 
matrix name: Loft04ResTm  -0,53, 0,81, 0,2, 0, -0,34, 0, -0,93, 0, -0,76, -0,57, 0,28, 0, -4,04, -0,88, -0,08, 1, 
matrix name: Loft04OffsetTm  -0,91, 0,4, 0, 0, -0, 0, -0,99, 0, -0,4, -0,91, 3,75, 0, -0,66, -1,44, -0,95, 1, 

Loft05 bound  Lo: -1,04, -1,29, -1,09  Hi: -0,47, -0,83, -0,92
matrix name: Loft05ParentTm  0,8, -0,51, -0,29, 0, 0,48, 0,85, -0,17, 0, 0,34, 0, 0,93, 0, -2,47, -0, 0,35, 1, 
matrix name: Loft05ResTm  -0,42, 0,88, 0,16, 0, -0,34, 0, -0,93, 0, -0,83, -0,45, 0,3, 0, -4,14, -0,69, -0,04, 1, 
matrix name: Loft05OffsetTm  -0,85, 0,52, 0, 0, -0, 0, -0,99, 0, -0,52, -0,85, 3,7, 0, -0,86, -1,33, -0,95, 1, 

Loft06 bound  Lo: -1,21, -1,13, -1,09  Hi: -0,58, -0,75, -0,92
matrix name: Loft06ParentTm  0,8, -0,51, -0,29, 0, 0,48, 0,85, -0,17, 0, 0,34, 0, 0,93, 0, -2,47, -0, 0,35, 1, 
matrix name: Loft06ResTm  -0,3, 0,94, 0,11, 0, -0,34, 0, -0,93, 0, -0,88, -0,32, 0,32, 0, -4,22, -0,49, -0,02, 1, 
matrix name: Loft06OffsetTm  -0,76, 0,63, 0, 0, -0, 0, -0,99, 0, -0,63, -0,76, 3,58, 0, -1,04, -1,2, -0,95, 1, 

Loft07 bound  Lo: -1,36, -0,95, -1,09  Hi: -0,68, -0,66, -0,92
matrix name: Loft07ParentTm  0,8, -0,51, -0,29, 0, 0,48, 0,85, -0,17, 0, 0,34, 0, 0,93, 0, -2,47, -0, 0,35, 1, 
matrix name: Loft07ResTm  -0,17, 0,98, 0,07, 0, -0,34, 0, -0,93, 0, -0,92, -0,19, 0,33, 0, -4,27, -0,27, -0, 1, 
matrix name: Loft07OffsetTm  -0,67, 0,73, 0, 0, -0, 0, -0,99, 0, -0,73, -0,67, 5,82, 0, -1,19, -1,04, -0,95, 1, 

Loft08 bound  Lo: -1,48, -0,76, -1,09  Hi: -0,77, -0,56, -0,92
matrix name: Loft08ParentTm  0,8, -0,51, -0,29, 0, 0,48, 0,85, -0,17, 0, 0,34, 0, 0,93, 0, -2,47, -0, 0,35, 1, 
matrix name: Loft08ResTm  -0,04, 0,99, 0,02, 0, -0,34, 0, -0,93, 0, -0,93, -0,05, 0,34, 0, -4,29, -0,05, 0, 1, 
matrix name: Loft08OffsetTm  -0,56, 0,82, 0, 0, -0, 0, -0,99, 0, -0,82, -0,56, 3,33, 0, -1,33, -0,87, -0,95, 1, 

Loft09 bound  Lo: -1,57, -0,54, -1,09  Hi: -0,84, -0,45, -0,92
matrix name: Loft09ParentTm  0,8, -0,51, -0,29, 0, 0,48, 0,85, -0,17, 0, 0,34, 0, 0,93, 0, -2,47, -0, 0,35, 1, 
matrix name: Loft09ResTm  0,08, 0,99, -0,02, 0, -0,34, 0, -0,93, 0, -0,93, 0,08, 0,34, 0, -4,28, 0,16, 0, 1, 
matrix name: Loft09OffsetTm  -0,44, 0,89, 0, 0, -0, 0, -0,99, 0, -0,89, -0,44, 5,1, 0, -1,44, -0,67, -0,95, 1, 

Loft10 bound  Lo: -1,63, -0,32, -1,09  Hi: -0,9, -0,32, -0,92
matrix name: Loft10ParentTm  0,8, -0,51, -0,29, 0, 0,48, 0,85, -0,17, 0, 0,34, 0, 0,93, 0, -2,47, -0, 0,35, 1, 
matrix name: Loft10ResTm  0,21, 0,97, -0,07, 0, -0,34, 0, -0,93, 0, -0,91, 0,22, 0,33, 0, -4,25, 0,38, -0,01, 1, 
matrix name: Loft10OffsetTm  -0,31, 0,94, 0, 0, -0, 0, -0,99, 0, -0,94, -0,31, 6,46, 0, -1,52, -0,46, -0,95, 1, 

Loft11 bound  Lo: -1,66, -0,2, -1,09  Hi: -0,93, -0,09, -0,92
matrix name: Loft11ParentTm  0,8, -0,51, -0,29, 0, 0,48, 0,85, -0,17, 0, 0,34, 0, 0,93, 0, -2,47, -0, 0,35, 1, 
matrix name: Loft11ResTm  0,33, 0,93, -0,11, 0, -0,34, 0, -0,93, 0, -0,87, 0,35, 0,32, 0, -4,18, 0,59, -0,03, 1, 
matrix name: Loft11OffsetTm  -0,17, 0,98, 0, 0, -0, 0, -0,99, 0, -0,98, -0,17, 4,32, 0, -1,57, -0,25, -0,95, 1, 

Loft12 bound  Lo: -1,65, -0,06, -1,09  Hi: -0,95, 0,13, -0,92
matrix name: Loft12ParentTm  0,8, -0,51, -0,29, 0, 0,48, 0,85, -0,17, 0, 0,34, 0, 0,93, 0, -2,47, -0, 0,35, 1, 
matrix name: Loft12ResTm  0,45, 0,87, -0,16, 0, -0,34, 0, -0,94, 0, -0,82, 0,48, 0,3, 0, -4,09, 0,79, -0,06, 1, 
matrix name: Loft12OffsetTm  -0,04, 0,99, 0, 0, -0, 0, -0,99, 0, -0,99, -0,04, 1,75, 0, -1,59, -0,03, -0,95, 1, 

Loft13 bound  Lo: -1,62, 0,06, -1,09  Hi: -0,95, 0,36, -0,92
matrix name: Loft13ParentTm  0,8, -0,51, -0,29, 0, 0,48, 0,85, -0,17, 0, 0,34, 0, 0,93, 0, -2,47, -0, 0,35, 1, 
matrix name: Loft13ResTm  0,56, 0,8, -0,2, 0, -0,34, 0, -0,94, 0, -0,75, 0,59, 0,27, 0, -3,97, 0,97, -0,11, 1, 
matrix name: Loft13OffsetTm  0,09, 0,99, 0, 0, 0, 0, -0,99, 0, -0,99, 0,09, -3,19, 0, -1,58, 0,18, -0,95, 1, 

Loft14 bound  Lo: -1,55, 0,19, -1,09  Hi: -0,93, 0,59, -0,92
matrix name: Loft14ParentTm  0,8, -0,51, -0,29, 0, 0,48, 0,85, -0,17, 0, 0,34, 0, 0,93, 0, -2,47, -0, 0,35, 1, 
matrix name: Loft14ResTm  0,66, 0,7, -0,23, 0, -0,33, 0, -0,94, 0, -0,66, 0,7, 0,24, 0, -3,83, 1,14, -0,16, 1, 
matrix name: Loft14OffsetTm  0,23, 0,97, 0, 0, 0, 0, -0,99, 0, -0,97, 0,23, 1,56, 0, -1,53, 0,4, -0,95, 1, 

Loft15 bound  Lo: -1,46, 0,32, -1,09  Hi: -0,9, 0,8, -0,92
matrix name: Loft15ParentTm  0,8, -0,51, -0,29, 0, 0,48, 0,85, -0,17, 0, 0,34, 0, 0,93, 0, -2,47, -0, 0,35, 1, 
matrix name: Loft15ResTm  0,75, 0,6, -0,26, 0, -0,33, 0, -0,94, 0, -0,56, 0,79, 0,2, 0, -3,68, 1,28, -0,21, 1, 
matrix name: Loft15OffsetTm  0,36, 0,92, 0, 0, 0, 0, -0,99, 0, -0,92, 0,36, 6,25, 0, -1,46, 0,61, -0,95, 1, 

Loft16 bound  Lo: -1,33, 0,44, -1,09  Hi: -0,84, 0,99, -0,92
matrix name: Loft16ParentTm  0,8, -0,51, -0,29, 0, 0,48, 0,85, -0,17, 0, 0,34, 0, 0,93, 0, -2,47, -0, 0,35, 1, 
matrix name: Loft16ResTm  0,82, 0,48, -0,29, 0, -0,33, 0, -0,94, 0, -0,45, 0,87, 0,16, 0, -3,5, 1,4, -0,28, 1, 
matrix name: Loft16OffsetTm  0,49, 0,86, 0, 0, 0, 0, -0,99, 0, -0,86, 0,49, -3,1, 0, -1,36, 0,81, -0,95, 1, 

Loft17 bound  Lo: -1,18, 0,56, -1,09  Hi: -0,77, 1,17, -0,92
matrix name: Loft17ParentTm  0,8, -0,51, -0,29, 0, 0,48, 0,85, -0,17, 0, 0,34, 0, 0,93, 0, -2,47, -0, 0,35, 1, 
matrix name: Loft17ResTm  0,87, 0,36, -0,31, 0, -0,33, 0, -0,94, 0, -0,33, 0,93, 0,12, 0, -3,31, 1,49, -0,35, 1, 
matrix name: Loft17OffsetTm  0,61, 0,79, 0, 0, 0, 0, -0,99, 0, -0,79, 0,61, 3,26, 0, -1,24, 0,99, -0,95, 1, 

Loft18 bound  Lo: -1, 0,66, -1,09  Hi: -0,69, 1,32, -0,92
matrix name: Loft18ParentTm  0,8, -0,51, -0,29, 0, 0,48, 0,85, -0,17, 0, 0,34, 0, 0,93, 0, -2,47, -0, 0,35, 1, 
matrix name: Loft18ResTm  0,91, 0,22, -0,32, 0, -0,33, 0, -0,94, 0, -0,21, 0,97, 0,07, 0, -3,11, 1,55, -0,42, 1, 
matrix name: Loft18OffsetTm  0,71, 0,69, 0, 0, 0, 0, -0,99, 0, -0,69, 0,71, 2,36, 0, -1,09, 1,16, -0,95, 1, 

Loft19 bound  Lo: -0,81, 0,75, -1,09  Hi: -0,59, 1,45, -0,92
matrix name: Loft19ParentTm  0,8, -0,51, -0,29, 0, 0,48, 0,85, -0,17, 0, 0,34, 0, 0,93, 0, -2,47, -0, 0,35, 1, 
matrix name: Loft19ResTm  0,93, 0,09, -0,33, 0, -0,33, 0, -0,94, 0, -0,08, 0,99, 0,03, 0, -2,9, 1,58, -0,5, 1, 
matrix name: Loft19OffsetTm  0,8, 0,59, 0, 0, 0, 0, -0,99, 0, -0,59, 0,8, 7,48, 0, -0,91, 1,3, -0,95, 1, 

Loft20 bound  Lo: -0,6, 0,82, -1,09  Hi: -0,48, 1,55, -0,92
matrix name: Loft20ParentTm  0,8, -0,51, -0,29, 0, 0,48, 0,85, -0,17, 0, 0,34, 0, 0,93, 0, -2,47, -0, 0,35, 1, 
matrix name: Loft20ResTm  0,93, -0,04, -0,33, 0, -0,33, -0, -0,94, 0, 0,04, 0,99, -0,01, 0, -2,69, 1,58, -0,57, 1, 
matrix name: Loft20OffsetTm  0,88, 0,47, 0, 0, 0, 0, -0,99, 0, -0,47, 0,88, 1,32, 0, -0,72, 1,41, -0,95, 1, 

Loft21 bound  Lo: -0,38, 0,88, -1,09  Hi: -0,36, 1,62, -0,92
matrix name: Loft21ParentTm  0,8, -0,51, -0,29, 0, 0,48, 0,85, -0,17, 0, 0,34, 0, 0,93, 0, -2,47, -0, 0,35, 1, 
matrix name: Loft21ResTm  0,92, -0,18, -0,33, 0, -0,33, -0, -0,94, 0, 0,17, 0,98, -0,06, 0, -2,49, 1,55, -0,65, 1, 
matrix name: Loft21OffsetTm  0,93, 0,34, 0, 0, 0, 0, -0,99, 0, -0,34, 0,93, 6,11, 0, -0,52, 1,5, -0,95, 1, 

Loft22 bound  Lo: -0,23, 0,93, -1,09  Hi: -0,15, 1,65, -0,92
matrix name: Loft22ParentTm  0,8, -0,51, -0,29, 0, 0,48, 0,85, -0,17, 0, 0,34, 0, 0,93, 0, -2,47, -0, 0,35, 1, 
matrix name: Loft22ResTm  0,89, -0,32, -0,31, 0, -0,33, -0, -0,94, 0, 0,3, 0,94, -0,11, 0, -2,29, 1,49, -0,72, 1, 
matrix name: Loft22OffsetTm  0,97, 0,21, 0, 0, 0, 0, -0,99, 0, -0,21, 0,97, 5,95, 0, -0,3, 1,56, -0,95, 1, 

Loft23 bound  Lo: -0,1, 0,95, -1,09  Hi: 0,07, 1,66, -0,92
matrix name: Loft23ParentTm  0,8, -0,51, -0,29, 0, 0,48, 0,85, -0,17, 0, 0,34, 0, 0,93, 0, -2,47, -0, 0,35, 1, 
matrix name: Loft23ResTm  0,84, -0,45, -0,3, 0, -0,33, -0, -0,94, 0, 0,42, 0,89, -0,15, 0, -2,1, 1,4, -0,79, 1, 
matrix name: Loft23OffsetTm  0,99, 0,07, 0, 0, 0, 0, -0,99, 0, -0,07, 0,99, 1,48, 0, -0,08, 1,58, -0,95, 1, 

Loft24 bound  Lo: 0,02, 0,95, -1,09  Hi: 0,3, 1,63, -0,92
matrix name: Loft24ParentTm  0,8, -0,51, -0,29, 0, 0,48, 0,85, -0,17, 0, 0,34, 0, 0,93, 0, -2,47, -0, 0,35, 1, 
matrix name: Loft24ResTm  0,77, -0,57, -0,27, 0, -0,33, -0, -0,94, 0, 0,53, 0,82, -0,19, 0, -1,92, 1,28, -0,86, 1, 
matrix name: Loft24OffsetTm  0,99, -0,06, 0, 0, 0, -0, -0,99, 0, 0,06, 0,99, 5,98, 0, 0,13, 1,58, -0,95, 1, 

Loft25 bound  Lo: 0,16, 0,94, -1,09  Hi: 0,53, 1,57, -0,92
matrix name: Loft25ParentTm  0,8, -0,51, -0,29, 0, 0,48, 0,85, -0,17, 0, 0,34, 0, 0,93, 0, -2,47, -0, 0,35, 1, 
matrix name: Loft25ResTm  0,69, -0,67, -0,24, 0, -0,33, -0, -0,94, 0, 0,63, 0,73, -0,23, 0, -1,76, 1,14, -0,92, 1, 
matrix name: Loft25OffsetTm  0,97, -0,2, 0, 0, 0, -0, -0,99, 0, 0,2, 0,97, 6,32, 0, 0,35, 1,55, -0,95, 1, 

Loft26 bound  Lo: 0,29, 0,91, -1,09  Hi: 0,74, 1,48, -0,92
matrix name: Loft26ParentTm  0,8, -0,51, -0,29, 0, 0,48, 0,85, -0,17, 0, 0,34, 0, 0,93, 0, -2,47, -0, 0,35, 1, 
matrix name: Loft26ResTm  0,59, -0,77, -0,21, 0, -0,34, -0, -0,94, 0, 0,72, 0,63, -0,26, 0, -1,62, 0,97, -0,97, 1, 
matrix name: Loft26OffsetTm  0,94, -0,33, 0, 0, 0, -0, -0,99, 0, 0,33, 0,94, 6,7, 0, 0,56, 1,48, -0,95, 1, 

Loft27 bound  Lo: 0,41, 0,86, -1,09  Hi: 0,94, 1,36, -0,92
matrix name: Loft27ParentTm  0,8, -0,51, -0,29, 0, 0,48, 0,85, -0,17, 0, 0,34, 0, 0,93, 0, -2,47, -0, 0,35, 1, 
matrix name: Loft27ResTm  0,48, -0,85, -0,17, 0, -0,34, -0, -0,94, 0, 0,8, 0,51, -0,29, 0, -1,5, 0,79, -1,01, 1, 
matrix name: Loft27OffsetTm  0,88, -0,46, 0, 0, 0, -0, -0,99, 0, 0,46, 0,88, 1,39, 0, 0,76, 1,39, -0,95, 1, 

Loft28 bound  Lo: 0,53, 0,79, -1,09  Hi: 1,12, 1,22, -0,92
matrix name: Loft28ParentTm  0,8, -0,51, -0,29, 0, 0,48, 0,85, -0,17, 0, 0,34, 0, 0,93, 0, -2,47, -0, 0,35, 1, 
matrix name: Loft28ResTm  0,37, -0,91, -0,12, 0, -0,34, -0, -0,93, 0, 0,86, 0,39, -0,31, 0, -1,41, 0,59, -1,04, 1, 
matrix name: Loft28OffsetTm  0,81, -0,58, 0, 0, 0, -0, -0,99, 0, 0,58, 0,81, 6,55, 0, 0,95, 1,27, -0,95, 1, 

Loft29 bound  Lo: 0,63, 0,71, -1,09  Hi: 1,28, 1,05, -0,92
matrix name: Loft29ParentTm  0,8, -0,51, -0,29, 0, 0,48, 0,85, -0,17, 0, 0,34, 0, 0,93, 0, -2,47, -0, 0,35, 1, 
matrix name: Loft29ResTm  0,24, -0,96, -0,08, 0, -0,34, -0, -0,93, 0, 0,9, 0,26, -0,33, 0, -1,35, 0,38, -1,07, 1, 
matrix name: Loft29OffsetTm  0,72, -0,69, 0, 0, 0, -0, -0,99, 0, 0,69, 0,72, 4,45, 0, 1,12, 1,12, -0,95, 1, 

Loft30 bound  Lo: 0,73, 0,61, -1,09  Hi: 1,42, 0,86, -0,92
matrix name: Loft30ParentTm  0,8, -0,51, -0,29, 0, 0,48, 0,85, -0,17, 0, 0,34, 0, 0,93, 0, -2,47, -0, 0,35, 1, 
matrix name: Loft30ResTm  0,11, -0,99, -0,03, 0, -0,34, -0, -0,93, 0, 0,93, 0,12, -0,34, 0, -1,31, 0,16, -1,08, 1, 
matrix name: Loft30OffsetTm  0,62, -0,78, 0, 0, 0, -0, -0,99, 0, 0,78, 0,62, 4,4, 0, 1,26, 0,96, -0,95, 1, 

Loft31 bound  Lo: 0,81, 0,51, -1,09  Hi: 1,52, 0,65, -0,92
matrix name: Loft31ParentTm  0,8, -0,51, -0,29, 0, 0,48, 0,85, -0,17, 0, 0,34, 0, 0,93, 0, -2,47, -0, 0,35, 1, 
matrix name: Loft31ResTm  -0,01, -0,99, 0,01, 0, -0,34, -0, -0,93, 0, 0,93, -0,01, -0,34, 0, -1,3, -0,05, -1,08, 1, 
matrix name: Loft31OffsetTm  0,5, -0,86, 0, 0, 0, -0, -0,99, 0, 0,86, 0,5, 5,69, 0, 1,38, 0,77, -0,95, 1, 

Loft32 bound  Lo: 0,87, 0,39, -1,09  Hi: 1,6, 0,43, -0,92
matrix name: Loft32ParentTm  0,8, -0,51, -0,29, 0, 0,48, 0,85, -0,17, 0, 0,34, 0, 0,93, 0, -2,47, -0, 0,35, 1, 
matrix name: Loft32ResTm  -0,14, -0,98, 0,05, 0, -0,34, -0, -0,93, 0, 0,92, -0,15, -0,33, 0, -1,33, -0,27, -1,07, 1, 
matrix name: Loft32OffsetTm  0,38, -0,92, 0, 0, 0, -0, -0,99, 0, 0,92, 0,38, 3,98, 0, 1,48, 0,57, -0,95, 1, 

Loft33 bound  Lo: 0,91, 0,2, -1,09  Hi: 1,64, 0,26, -0,92
matrix name: Loft33ParentTm  0,8, -0,51, -0,29, 0, 0,48, 0,85, -0,17, 0, 0,34, 0, 0,93, 0, -2,47, -0, 0,35, 1, 
matrix name: Loft33ResTm  -0,26, -0,95, 0,1, 0, -0,34, -0, -0,93, 0, 0,89, -0,28, -0,32, 0, -1,38, -0,49, -1,06, 1, 
matrix name: Loft33OffsetTm  0,24, -0,96, 0, 0, 0, -0, -0,99, 0, 0,96, 0,24, 5,63, 0, 1,54, 0,36, -0,95, 1, 

Loft34 bound  Lo: 0,94, -0,02, -1,09  Hi: 1,66, 0,13, -0,92
matrix name: Loft34ParentTm  0,8, -0,51, -0,29, 0, 0,48, 0,85, -0,17, 0, 0,34, 0, 0,93, 0, -2,47, -0, 0,35, 1, 
matrix name: Loft34ResTm  -0,39, -0,9, 0,14, 0, -0,34, -0, -0,93, 0, 0,85, -0,41, -0,31, 0, -1,45, -0,69, -1,03, 1, 
matrix name: Loft34OffsetTm  0,11, -0,99, 0, 0, 0, -0, -0,99, 0, 0,99, 0,11, -5,78, 0, 1,58, 0,14, -0,95, 1, 

Loft35 bound  Lo: 0,95, -0,25, -1,09  Hi: 1,64, 0, -0,92
matrix name: Loft35ParentTm  0,8, -0,51, -0,29, 0, 0,48, 0,85, -0,17, 0, 0,34, 0, 0,93, 0, -2,47, -0, 0,35, 1, 
matrix name: Loft35ResTm  -0,5, -0,84, 0,19, 0, -0,34, -0, -0,93, 0, 0,78, -0,54, -0,28, 0, -1,56, -0,88, -0,99, 1, 
matrix name: Loft35OffsetTm  -0,02, -0,99, 0, 0, -0, -0, -0,99, 0, 0,99, -0,02, 2,76, 0, 1,58, -0,07, -0,95, 1, 

Loft36 bound  Lo: 0,94, -0,47, -1,09  Hi: 1,59, -0,13, -0,92
matrix name: Loft36ParentTm  0,8, -0,51, -0,29, 0, 0,48, 0,85, -0,17, 0, 0,34, 0, 0,93, 0, -2,47, -0, 0,35, 1, 
matrix name: Loft36ResTm  -0,61, -0,75, 0,23, 0, -0,34, -0, -0,93, 0, 0,71, -0,65, -0,26, 0, -1,69, -1,06, -0,94, 1, 
matrix name: Loft36OffsetTm  -0,16, -0,98, 0, 0, -0, -0, -0,99, 0, 0,98, -0,16, 7,07, 0, 1,56, -0,29, -0,95, 1, 

Loft37 bound  Lo: 0,92, -0,69, -1,09  Hi: 1,5, -0,26, -0,92
matrix name: Loft37ParentTm  0,8, -0,51, -0,29, 0, 0,48, 0,85, -0,17, 0, 0,34, 0, 0,93, 0, -2,47, -0, 0,35, 1, 
matrix name: Loft37ResTm  -0,7, -0,65, 0,26, 0, -0,34, -0, -0,93, 0, 0,61, -0,75, -0,22, 0, -1,84, -1,21, -0,89, 1, 
matrix name: Loft37OffsetTm  -0,3, -0,95, 0, 0, -0, -0, -0,99, 0, 0,95, -0,3, 8,84, 0, 1,5, -0,51, -0,95, 1, 

Loft38 bound  Lo: 0,87, -0,9, -1,09  Hi: 1,39, -0,38, -0,92
matrix name: Loft38ParentTm  0,8, -0,51, -0,29, 0, 0,48, 0,85, -0,17, 0, 0,34, 0, 0,93, 0, -2,47, -0, 0,35, 1, 
matrix name: Loft38ResTm  -0,78, -0,54, 0,29, 0, -0,34, -0, -0,93, 0, 0,51, -0,83, -0,18, 0, -2,01, -1,34, -0,83, 1, 
matrix name: Loft38OffsetTm  -0,43, -0,9, 0, 0, -0, -0, -0,99, 0, 0,9, -0,43, 5,38, 0, 1,41, -0,71, -0,95, 1, 

Loft39 bound  Lo: 0,81, -1,08, -1,09  Hi: 1,25, -0,5, -0,92
matrix name: Loft39ParentTm  0,8, -0,51, -0,29, 0, 0,48, 0,85, -0,17, 0, 0,34, 0, 0,93, 0, -2,47, -0, 0,35, 1, 
matrix name: Loft39ResTm  -0,84, -0,42, 0,31, 0, -0,34, -0, -0,93, 0, 0,39, -0,9, -0,14, 0, -2,19, -1,45, -0,76, 1, 
matrix name: Loft39OffsetTm  -0,55, -0,83, 0, 0, -0, -0, -0,99, 0, 0,83, -0,55, 2,4, 0, 1,3, -0,9, -0,95, 1, 

Loft40 bound  Lo: 0,73, -1,25, -1,09  Hi: 1,09, -0,61, -0,92
matrix name: Loft40ParentTm  0,8, -0,51, -0,29, 0, 0,48, 0,85, -0,17, 0, 0,34, 0, 0,93, 0, -2,47, -0, 0,35, 1, 
matrix name: Loft40ResTm  -0,89, -0,29, 0,33, 0, -0,34, -0, -0,93, 0, 0,27, -0,95, -0,1, 0, -2,39, -1,52, -0,69, 1, 
matrix name: Loft40OffsetTm  -0,66, -0,74, 0, 0, -0, -0, -0,99, 0, 0,74, -0,66, 3,64, 0, 1,16, -1,08, -0,95, 1, 

Loft41 bound  Lo: 0,64, -1,39, -1,09  Hi: 0,91, -0,71, -0,92
matrix name: Loft41ParentTm  0,8, -0,51, -0,29, 0, 0,48, 0,85, -0,17, 0, 0,34, 0, 0,93, 0, -2,47, -0, 0,35, 1, 
matrix name: Loft41ResTm  -0,92, -0,15, 0,34, 0, -0,34, -0, -0,93, 0, 0,14, -0,98, -0,05, 0, -2,59, -1,57, -0,61, 1, 
matrix name: Loft41OffsetTm  -0,76, -0,64, 0, 0, -0, -0, -0,99, 0, 0,64, -0,76, 4,43, 0, 1, -1,23, -0,95, 1, 

Loft42 bound  Lo: 0,53, -1,5, -1,09  Hi: 0,7, -0,79, -0,92
matrix name: Loft42ParentTm  0,8, -0,51, -0,29, 0, 0,48, 0,85, -0,17, 0, 0,34, 0, 0,93, 0, -2,47, -0, 0,35, 1, 
matrix name: Loft42ResTm  -0,93, -0,02, 0,34, 0, -0,34, -0, -0,93, 0, 0,01, -0,99, -0, 0, -2,8, -1,59, -0,54, 1, 
matrix name: Loft42OffsetTm  -0,84, -0,53, 0, 0, -0, -0, -0,99, 0, 0,53, -0,84, 4,74, 0, 0,82, -1,36, -0,95, 1, 

Loft43 bound  Lo: 0,42, -1,58, -1,09  Hi: 0,49, -0,86, -0,92
matrix name: Loft43ParentTm  0,8, -0,51, -0,29, 0, 0,48, 0,85, -0,17, 0, 0,34, 0, 0,93, 0, -2,47, -0, 0,35, 1, 
matrix name: Loft43ResTm  -0,93, 0,11, 0,34, 0, -0,34, 0, -0,93, 0, -0,11, -0,99, 0,04, 0, -3,01, -1,57, -0,46, 1, 
matrix name: Loft43OffsetTm  -0,91, -0,41, 0, 0, -0, -0, -0,99, 0, 0,41, -0,91, 3,6, 0, 0,62, -1,46, -0,95, 1, 

Loft44 bound  Lo: 0,26, -1,64, -1,09  Hi: 0,29, -0,91, -0,92
matrix name: Loft44ParentTm  0,8, -0,51, -0,29, 0, 0,48, 0,85, -0,17, 0, 0,34, 0, 0,93, 0, -2,47, -0, 0,35, 1, 
matrix name: Loft44ResTm  -0,9, 0,25, 0,33, 0, -0,34, 0, -0,93, 0, -0,24, -0,96, 0,08, 0, -3,21, -1,52, -0,39, 1, 
matrix name: Loft44OffsetTm  -0,95, -0,28, 0, 0, -0, -0, -0,99, 0, 0,28, -0,95, 3,64, 0, 0,41, -1,53, -0,95, 1, 

Loft45 bound  Lo: 2,08, 0,97, 0,19  Hi: 2,09, 1,55, 0,83
matrix name: Loft45ParentTm  0,8, -0,51, -0,29, 0, 0,48, 0,85, -0,17, 0, 0,34, 0, 0,93, 0, -2,47, -0, 0,35, 1, 
matrix name: Loft45ResTm  1, 0, 0, 0, 0, 1, 0, 0, 0, 0, 1, 0, 0, 0, 0, 1, 
matrix name: Loft45OffsetTm  0,8, 0,48, 0,34, 0, -0,51, 0,85, -1,61, 0, -0,29, -0,17, 0,93, 0, 2,09, 1,26, 0,51, 1, 

