
MICROSOF-765EBA (Client)	Mon Feb 13 22:19:10 2012
	INET/inet_error: connect errno = 10061


MICROSOF-765EBA (Client)	Mon Feb 13 22:19:12 2012
	INET/inet_error: connect errno = 10061


MICROSOF-765EBA (Client)	Mon Feb 13 22:21:09 2012
	INET/inet_error: connect errno = 10061


MICROSOF-765EBA (Client)	Mon Feb 13 22:21:12 2012
	INET/inet_error: connect errno = 10061


MICROSOF-765EBA (Client)	Tue Feb 14 00:12:40 2012
	INET/inet_error: connect errno = 10061


MICROSOF-765EBA (Client)	Tue Feb 14 00:12:43 2012
	INET/inet_error: connect errno = 10061


MICROSOF-765EBA (Client)	Mon Apr 30 14:05:48 2012
	INET/inet_error: connect errno = 10061


MICROSOF-765EBA (Client)	Mon Apr 30 14:05:51 2012
	INET/inet_error: connect errno = 10061


MICROSOF-765EBA (Client)	Mon Apr 30 14:06:34 2012
	INET/inet_error: connect errno = 10061


MICROSOF-765EBA (Client)	Mon Apr 30 14:06:37 2012
	INET/inet_error: connect errno = 10061


MICROSOF-765EBA (Client)	Mon Apr 30 14:12:40 2012
	INET/inet_error: connect errno = 10061


MICROSOF-765EBA (Client)	Mon Apr 30 14:12:43 2012
	INET/inet_error: connect errno = 10061


MICROSOF-765EBA (Client)	Mon Apr 30 14:14:43 2012
	INET/inet_error: connect errno = 10061


MICROSOF-765EBA (Client)	Mon Apr 30 14:14:47 2012
	INET/inet_error: connect errno = 10061


MICROSOF-765EBA (Client)	Mon Apr 30 14:16:25 2012
	INET/inet_error: connect errno = 10061


MICROSOF-765EBA (Client)	Mon Apr 30 14:16:28 2012
	INET/inet_error: connect errno = 10061


MICROSOF-765EBA (Client)	Mon Apr 30 14:17:02 2012
	INET/inet_error: connect errno = 10061


MICROSOF-765EBA (Client)	Mon Apr 30 14:17:05 2012
	INET/inet_error: connect errno = 10061


MICROSOF-765EBA (Client)	Mon Apr 30 14:18:34 2012
	INET/inet_error: connect errno = 10061


MICROSOF-765EBA (Client)	Mon Apr 30 14:18:37 2012
	INET/inet_error: connect errno = 10061


MICROSOF-765EBA (Client)	Wed Jun 20 21:43:30 2012
	INET/inet_error: connect errno = 10061


MICROSOF-765EBA (Client)	Wed Jun 20 21:43:33 2012
	INET/inet_error: connect errno = 10061


MICROSOF-765EBA (Client)	Wed Jun 20 21:44:02 2012
	INET/inet_error: connect errno = 10061


MICROSOF-765EBA (Client)	Wed Jun 20 21:44:05 2012
	INET/inet_error: connect errno = 10061


MICROSOF-765EBA (Client)	Wed Jun 20 21:44:37 2012
	INET/inet_error: connect errno = 10061


MICROSOF-765EBA (Client)	Wed Jun 20 21:44:40 2012
	INET/inet_error: connect errno = 10061


MICROSOF-765EBA (Client)	Wed Jun 20 21:44:54 2012
	INET/inet_error: connect errno = 10061


MICROSOF-765EBA (Client)	Wed Jun 20 21:44:57 2012
	INET/inet_error: connect errno = 10061


MICROSOF-765EBA (Client)	Wed Jun 20 21:45:17 2012
	INET/inet_error: connect errno = 10061


MICROSOF-765EBA (Client)	Wed Jun 20 21:45:20 2012
	INET/inet_error: connect errno = 10061


MICROSOF-765EBA (Client)	Wed Jun 20 21:46:50 2012
	INET/inet_error: connect errno = 10061


MICROSOF-765EBA (Client)	Wed Jun 20 21:46:53 2012
	INET/inet_error: connect errno = 10061


MICROSOF-765EBA (Client)	Wed Jun 20 21:47:45 2012
	INET/inet_error: connect errno = 10061


MICROSOF-765EBA (Client)	Wed Jun 20 21:47:48 2012
	INET/inet_error: connect errno = 10061


MICROSOF-765EBA (Client)	Wed Jun 20 21:48:37 2012
	INET/inet_error: connect errno = 10061


MICROSOF-765EBA (Client)	Wed Jun 20 21:48:40 2012
	INET/inet_error: connect errno = 10061


MICROSOF-765EBA (Client)	Wed Jun 20 21:48:56 2012
	INET/inet_error: connect errno = 10061


MICROSOF-765EBA (Client)	Wed Jun 20 21:48:59 2012
	INET/inet_error: connect errno = 10061


MICROSOF-765EBA (Client)	Wed Jun 20 21:49:30 2012
	INET/inet_error: connect errno = 10061


MICROSOF-765EBA (Client)	Wed Jun 20 21:49:33 2012
	INET/inet_error: connect errno = 10061


MICROSOF-765EBA (Client)	Wed Jun 20 21:54:18 2012
	INET/inet_error: connect errno = 10061


MICROSOF-765EBA (Client)	Wed Jun 20 21:54:21 2012
	INET/inet_error: connect errno = 10061


MICROSOF-765EBA (Client)	Wed Jun 20 21:54:57 2012
	INET/inet_error: connect errno = 10061


MICROSOF-765EBA (Client)	Wed Jun 20 21:55:00 2012
	INET/inet_error: connect errno = 10061


MICROSOF-765EBA (Client)	Wed Jun 20 21:59:03 2012
	INET/inet_error: connect errno = 10061


MICROSOF-765EBA (Client)	Wed Jun 20 21:59:06 2012
	INET/inet_error: connect errno = 10061


MICROSOF-765EBA (Client)	Wed Jun 20 21:59:48 2012
	INET/inet_error: connect errno = 10061


MICROSOF-765EBA (Client)	Wed Jun 20 21:59:51 2012
	INET/inet_error: connect errno = 10061


SKRIPNIK (Client)	Tue Jul 10 11:39:21 2012
	INET/inet_error: connect errno = 10061


SKRIPNIK (Client)	Tue Jul 10 11:39:24 2012
	INET/inet_error: connect errno = 10061


MICROSOF-970774 (Client)	Wed Jul 18 23:19:31 2012
	INET/inet_error: connect errno = 10061


MICROSOF-970774 (Client)	Wed Jul 18 23:19:35 2012
	INET/inet_error: connect errno = 10061


BLACKPC (Client)	Sat Dec 15 12:45:08 2012
	INET/inet_error: connect errno = 10061


BLACKPC (Client)	Sat Dec 15 12:45:11 2012
	INET/inet_error: connect errno = 10061


SKRIPNIK (Client)	Wed Feb 13 14:02:32 2013
	INET/inet_error: connect errno = 10061


SKRIPNIK (Client)	Wed Feb 13 14:02:35 2013
	INET/inet_error: connect errno = 10061


SKRIPNIK (Client)	Wed Feb 27 15:47:14 2013
	INET/inet_error: connect errno = 10061


SKRIPNIK (Client)	Wed Feb 27 15:47:17 2013
	INET/inet_error: connect errno = 10061


SKRIPNIK (Client)	Fri Mar 22 10:22:05 2013
	INET/inet_error: connect errno = 10061


SKRIPNIK (Client)	Fri Mar 22 10:22:08 2013
	INET/inet_error: connect errno = 10061


OBUREC-ой (Client)	Wed Sep 05 23:58:38 2018
	INET/inet_error: connect errno = 10061


OBUREC-ой (Client)	Wed Sep 05 23:58:41 2018
	INET/inet_error: connect errno = 10061

